2021-11-16T15:54:41.905+0800	INFO	%s
[error] failed to initialize database, got error %v	{"\u0000": "/home/rxw/lnmpdocker/Workspace/go/smart-home-server/framework/Core/Database/DatabaseFactory.go:62", "\u0001": {"Number":1698,"Message":"Access denied for user 'root'@'localhost'"}}
2021-11-16T16:10:07.239+0800	INFO	%s
[error] failed to initialize database, got error %v	{"\u0000": "/home/rxw/lnmpdocker/Workspace/go/smart-home-server/framework/Core/Database/DatabaseFactory.go:62", "\u0001": {"Number":1698,"Message":"Access denied for user 'root'@'localhost'"}}
2021-11-16T17:01:07.914+0800	INFO	%s
[error] failed to initialize database, got error %v	{"\u0000": "/home/rxw/lnmpdocker/Workspace/go/smart-home-server/framework/Core/Database/DatabaseFactory.go:65", "\u0001": {"Number":1698,"Message":"Access denied for user 'root'@'localhost'"}}
2021-11-16T17:07:41.805+0800	INFO	%s %s
[%.3fms] [rows:%v] %s	{"\u0000": "/home/rxw/lnmpdocker/Workspace/go/smart-home-server/app/Logic/SettingLogic.go:28", "\u0001": {"Number":1146,"Message":"Table 'we7_api.iot_setting' doesn't exist"}, "\u0002": 2.008345, "\u0003": 0, "\u0004": "SELECT * FROM `iot_setting` WHERE `key` = '' ORDER BY `iot_setting`.`key` LIMIT 1"}
2021-11-16T17:08:06.038+0800	INFO	%s %s
[%.3fms] [rows:%v] %s	{"\u0000": "/home/rxw/lnmpdocker/Workspace/go/smart-home-server/app/Controller/System/IndexController.go:15", "\u0001": {"Number":1064,"Message":"You have an error in your SQL syntax; check the manual that corresponds to your MySQL server version for the right syntax to use near '' at line 1"}, "\u0002": 0.946073, "\u0003": 0, "\u0004": "show table"}
2021-11-16T17:08:47.728+0800	INFO	%s %s
[%.3fms] [rows:%v] %s	{"\u0000": "/home/rxw/lnmpdocker/Workspace/go/smart-home-server/app/Controller/System/IndexController.go:15", "\u0001": {"Number":1064,"Message":"You have an error in your SQL syntax; check the manual that corresponds to your MySQL server version for the right syntax to use near '' at line 1"}, "\u0002": 0.944827, "\u0003": 0, "\u0004": "show table"}
2021-11-16T17:08:57.173+0800	INFO	%s %s
[%.3fms] [rows:%v] %s	{"\u0000": "/home/rxw/lnmpdocker/Workspace/go/smart-home-server/app/Controller/System/IndexController.go:15", "\u0001": {"Number":1064,"Message":"You have an error in your SQL syntax; check the manual that corresponds to your MySQL server version for the right syntax to use near '' at line 1"}, "\u0002": 0.936306, "\u0003": 0, "\u0004": "show table"}
2021-11-16T18:42:09.078+0800	INFO	%s %s
[%.3fms] [rows:%v] %s	{"\u0000": "/home/rxw/lnmpdocker/Workspace/go/smart-home-server/app/Logic/SettingLogic.go:28", "\u0001": {"Number":1146,"Message":"Table 'we7_api.iot_setting' doesn't exist"}, "\u0002": 1.355654, "\u0003": 0, "\u0004": "SELECT * FROM `iot_setting` WHERE `key` = '' ORDER BY `iot_setting`.`key` LIMIT 1"}
2021-11-16T18:43:37.453+0800	INFO	%s %s
[%.3fms] [rows:%v] %s	{"\u0000": "/home/rxw/lnmpdocker/Workspace/go/smart-home-server/app/Logic/SettingLogic.go:28", "\u0001": {"Number":1146,"Message":"Table 'we7_api.iot_setting' doesn't exist"}, "\u0002": 1.127175, "\u0003": 0, "\u0004": "SELECT * FROM `iot_setting` WHERE `key` = '' ORDER BY `iot_setting`.`key` LIMIT 1"}
2021-11-16T18:43:49.426+0800	INFO	%s %s
[%.3fms] [rows:%v] %s	{"\u0000": "/home/rxw/lnmpdocker/Workspace/go/smart-home-server/app/Logic/SettingLogic.go:28", "\u0001": {"Number":1146,"Message":"Table 'we7_api.iot_setting' doesn't exist"}, "\u0002": 1.562767, "\u0003": 0, "\u0004": "SELECT * FROM `iot_setting` WHERE `key` = '' ORDER BY `iot_setting`.`key` LIMIT 1"}
2021-11-16T18:44:10.377+0800	INFO	%s %s
[%.3fms] [rows:%v] %s	{"\u0000": "/home/rxw/lnmpdocker/Workspace/go/smart-home-server/app/Logic/SettingLogic.go:28", "\u0001": {"Number":1146,"Message":"Table 'we7_api.iot_setting' doesn't exist"}, "\u0002": 1.330382, "\u0003": 0, "\u0004": "SELECT * FROM `iot_setting` WHERE `key` = '' ORDER BY `iot_setting`.`key` LIMIT 1"}
2021-11-16T18:44:19.361+0800	INFO	%s %s
[%.3fms] [rows:%v] %s	{"\u0000": "/home/rxw/lnmpdocker/Workspace/go/smart-home-server/app/Logic/SettingLogic.go:28", "\u0001": {"Number":1146,"Message":"Table 'we7_api.iot_setting' doesn't exist"}, "\u0002": 1.345538, "\u0003": 0, "\u0004": "SELECT * FROM `iot_setting` WHERE `key` = '' ORDER BY `iot_setting`.`key` LIMIT 1"}
2021-11-16T18:46:23.947+0800	INFO	%s %s
[%.3fms] [rows:%v] %s	{"\u0000": "/home/rxw/lnmpdocker/Workspace/go/smart-home-server/app/Logic/SettingLogic.go:28", "\u0001": {"Number":1146,"Message":"Table 'we7_api.iot_setting' doesn't exist"}, "\u0002": 1.256772, "\u0003": 0, "\u0004": "SELECT * FROM `iot_setting` WHERE `key` = '' ORDER BY `iot_setting`.`key` LIMIT 1"}
2021-11-16T18:46:30.572+0800	INFO	%s %s
[%.3fms] [rows:%v] %s	{"\u0000": "/home/rxw/lnmpdocker/Workspace/go/smart-home-server/app/Logic/SettingLogic.go:28", "\u0001": {"Number":1146,"Message":"Table 'we7_api.iot_setting' doesn't exist"}, "\u0002": 1.306606, "\u0003": 0, "\u0004": "SELECT * FROM `iot_setting` WHERE `key` = '' ORDER BY `iot_setting`.`key` LIMIT 1"}
2021-11-16T18:47:56.569+0800	INFO	%s %s
[%.3fms] [rows:%v] %s	{"\u0000": "/home/rxw/lnmpdocker/Workspace/go/smart-home-server/app/Logic/SettingLogic.go:28", "\u0001": {"Number":1146,"Message":"Table 'we7_api.iot_setting' doesn't exist"}, "\u0002": 1.36749, "\u0003": 0, "\u0004": "SELECT * FROM `iot_setting` WHERE `key` = '' ORDER BY `iot_setting`.`key` LIMIT 1"}
2021-11-16T18:52:46.784+0800	INFO	%s %s
[%.3fms] [rows:%v] %s	{"\u0000": "/home/rxw/lnmpdocker/Workspace/go/smart-home-server/app/Logic/SettingLogic.go:28", "\u0001": {"Number":1146,"Message":"Table 'we7_api.iot_setting' doesn't exist"}, "\u0002": 1.346214, "\u0003": 0, "\u0004": "SELECT * FROM `iot_setting` WHERE `key` = '' ORDER BY `iot_setting`.`key` LIMIT 1"}
2021-11-16T19:07:08.728+0800	INFO	%s %s
[%.3fms] [rows:%v] %s	{"\u0000": "/home/rxw/lnmpdocker/Workspace/go/smart-home-server/app/Logic/SettingLogic.go:28", "\u0001": {"Number":1146,"Message":"Table 'we7_api.iot_setting' doesn't exist"}, "\u0002": 1.356437, "\u0003": 0, "\u0004": "SELECT * FROM `iot_setting` WHERE `key` = '' ORDER BY `iot_setting`.`key` LIMIT 1"}
2021-11-16T19:07:13.743+0800	INFO	%s %s
[%.3fms] [rows:%v] %s	{"\u0000": "/home/rxw/lnmpdocker/Workspace/go/smart-home-server/app/Logic/SettingLogic.go:28", "\u0001": {"Number":1146,"Message":"Table 'we7_api.iot_setting' doesn't exist"}, "\u0002": 1.367585, "\u0003": 0, "\u0004": "SELECT * FROM `iot_setting` WHERE `key` = '' ORDER BY `iot_setting`.`key` LIMIT 1"}
2021-11-16T19:08:24.345+0800	INFO	%s %s
[%.3fms] [rows:%v] %s	{"\u0000": "/home/rxw/lnmpdocker/Workspace/go/smart-home-server/app/Logic/SettingLogic.go:28", "\u0001": {"Number":1146,"Message":"Table 'we7_api.iot_setting' doesn't exist"}, "\u0002": 1.354428, "\u0003": 0, "\u0004": "SELECT * FROM `iot_setting` WHERE `key` = '' ORDER BY `iot_setting`.`key` LIMIT 1"}
2021-11-16T19:09:14.674+0800	INFO	%s %s
[%.3fms] [rows:%v] %s	{"\u0000": "/home/rxw/lnmpdocker/Workspace/go/smart-home-server/app/Logic/SettingLogic.go:28", "\u0001": {"Number":1146,"Message":"Table 'we7_api.iot_setting' doesn't exist"}, "\u0002": 1.331232, "\u0003": 0, "\u0004": "SELECT * FROM `iot_setting` WHERE `key` = '' ORDER BY `iot_setting`.`key` LIMIT 1"}
2022-03-09T17:04:47.357+0800	INFO	%s
[error] failed to initialize database, got error %v	{"\u0000": "/home/rxw/lnmpdocker/Workspace/go/smart-home-server/framework/Core/Database/DatabaseFactory.go:62", "\u0001": {"Number":1698,"Message":"Access denied for user 'root'@'localhost'"}}
2022-03-09T17:05:07.448+0800	INFO	%s %s
[%.3fms] [rows:%v] %s	{"\u0000": "/home/rxw/lnmpdocker/Workspace/go/smart-home-server/app/Repository/SettingRepository.go:29", "\u0001": {"Number":1064,"Message":"You have an error in your SQL syntax; check the manual that corresponds to your MySQL server version for the right syntax to use near 'key = ? ORDER BY `iot_setting`.`id` LIMIT 1' at line 1"}, "\u0002": 0.719918, "\u0003": 0, "\u0004": "SELECT * FROM `iot_setting` WHERE key = 'opt_smart_key' ORDER BY `iot_setting`.`id` LIMIT 1"}
2022-03-09T17:12:29.744+0800	INFO	%s %s
[%.3fms] [rows:%v] %s	{"\u0000": "/home/rxw/lnmpdocker/Workspace/go/smart-home-server/app/Repository/SettingRepository.go:29", "\u0001": {"Number":1064,"Message":"You have an error in your SQL syntax; check the manual that corresponds to your MySQL server version for the right syntax to use near 'key = ? ORDER BY `iot_setting`.`id` LIMIT 1' at line 1"}, "\u0002": 0.665673, "\u0003": 0, "\u0004": "SELECT * FROM `iot_setting` WHERE key = 'opt_smart_key' ORDER BY `iot_setting`.`id` LIMIT 1"}
2022-03-09T17:14:09.783+0800	INFO	%s %s
[%.3fms] [rows:%v] %s	{"\u0000": "/home/rxw/lnmpdocker/Workspace/go/smart-home-server/app/Repository/SettingRepository.go:29", "\u0001": {"Number":1064,"Message":"You have an error in your SQL syntax; check the manual that corresponds to your MySQL server version for the right syntax to use near 'key = ? ORDER BY `iot_setting`.`id` LIMIT 1' at line 1"}, "\u0002": 0.685664, "\u0003": 0, "\u0004": "SELECT * FROM `iot_setting` WHERE key = 'opt_smart_key' ORDER BY `iot_setting`.`id` LIMIT 1"}
2022-03-10T17:30:28.234+0800	INFO	%s %s
[%.3fms] [rows:%v] %s	{"\u0000": "/home/rxw/lnmpdocker/Workspace/go/smart-home-server/app/Repository/SettingRepository.go:29", "\u0001": {"Number":1064,"Message":"You have an error in your SQL syntax; check the manual that corresponds to your MySQL server version for the right syntax to use near 'key = ? ORDER BY `iot_setting`.`id` LIMIT 1' at line 1"}, "\u0002": 0.728227, "\u0003": 0, "\u0004": "SELECT * FROM `iot_setting` WHERE key = 'opt_smart_key' ORDER BY `iot_setting`.`id` LIMIT 1"}
2022-03-10T17:33:12.913+0800	INFO	%s %s
[%.3fms] [rows:%v] %s	{"\u0000": "/home/rxw/lnmpdocker/Workspace/go/smart-home-server/app/Repository/SettingRepository.go:29", "\u0001": {"Number":1064,"Message":"You have an error in your SQL syntax; check the manual that corresponds to your MySQL server version for the right syntax to use near 'key = ? ORDER BY `iot_setting`.`id` LIMIT 1' at line 1"}, "\u0002": 0.700782, "\u0003": 0, "\u0004": "SELECT * FROM `iot_setting` WHERE key = 'opt_smart_key' ORDER BY `iot_setting`.`id` LIMIT 1"}
2022-03-10T17:35:03.598+0800	INFO	%s %s
[%.3fms] [rows:%v] %s	{"\u0000": "/home/rxw/lnmpdocker/Workspace/go/smart-home-server/app/Repository/SettingRepository.go:29", "\u0001": {"Number":1064,"Message":"You have an error in your SQL syntax; check the manual that corresponds to your MySQL server version for the right syntax to use near 'key = ? ORDER BY `iot_setting`.`id` LIMIT 1' at line 1"}, "\u0002": 0.70995, "\u0003": 0, "\u0004": "SELECT * FROM `iot_setting` WHERE key = 'opt_smart_key' ORDER BY `iot_setting`.`id` LIMIT 1"}
2022-03-10T17:35:37.071+0800	INFO	%s %s
[%.3fms] [rows:%v] %s	{"\u0000": "/home/rxw/lnmpdocker/Workspace/go/smart-home-server/app/Repository/SettingRepository.go:29", "\u0001": {"Number":1064,"Message":"You have an error in your SQL syntax; check the manual that corresponds to your MySQL server version for the right syntax to use near 'key = ? ORDER BY `iot_setting`.`id` LIMIT 1' at line 1"}, "\u0002": 0.728566, "\u0003": 0, "\u0004": "SELECT * FROM `iot_setting` WHERE key = 'opt_smart_key' ORDER BY `iot_setting`.`id` LIMIT 1"}
2022-03-10T17:35:53.290+0800	INFO	%s %s
[%.3fms] [rows:%v] %s	{"\u0000": "/home/rxw/lnmpdocker/Workspace/go/smart-home-server/app/Repository/SettingRepository.go:29", "\u0001": {"Number":1064,"Message":"You have an error in your SQL syntax; check the manual that corresponds to your MySQL server version for the right syntax to use near 'key = ? ORDER BY `iot_setting`.`id` LIMIT 1' at line 1"}, "\u0002": 0.788269, "\u0003": 0, "\u0004": "SELECT * FROM `iot_setting` WHERE key = 'opt_smart_key' ORDER BY `iot_setting`.`id` LIMIT 1"}
2022-03-10T17:37:01.422+0800	INFO	%s %s
[%.3fms] [rows:%v] %s	{"\u0000": "/home/rxw/lnmpdocker/Workspace/go/smart-home-server/app/Repository/SettingRepository.go:29", "\u0001": {"Number":1064,"Message":"You have an error in your SQL syntax; check the manual that corresponds to your MySQL server version for the right syntax to use near 'key = ? ORDER BY `iot_setting`.`id` LIMIT 1' at line 1"}, "\u0002": 0.713929, "\u0003": 0, "\u0004": "SELECT * FROM `iot_setting` WHERE key = 'opt_smart_key' ORDER BY `iot_setting`.`id` LIMIT 1"}
2022-03-10T17:38:04.232+0800	INFO	%s %s
[%.3fms] [rows:%v] %s	{"\u0000": "/home/rxw/lnmpdocker/Workspace/go/smart-home-server/app/Repository/SettingRepository.go:29", "\u0001": {"Number":1064,"Message":"You have an error in your SQL syntax; check the manual that corresponds to your MySQL server version for the right syntax to use near 'key = ? ORDER BY `iot_setting`.`id` LIMIT 1' at line 1"}, "\u0002": 1.329154, "\u0003": 0, "\u0004": "SELECT * FROM `iot_setting` WHERE key = 'opt_smart_key' ORDER BY `iot_setting`.`id` LIMIT 1"}
2022-03-10T17:39:45.618+0800	INFO	%s %s
[%.3fms] [rows:%v] %s	{"\u0000": "/home/rxw/lnmpdocker/Workspace/go/smart-home-server/app/Repository/SettingRepository.go:29", "\u0001": {"Number":1064,"Message":"You have an error in your SQL syntax; check the manual that corresponds to your MySQL server version for the right syntax to use near 'key = ? ORDER BY `iot_setting`.`id` LIMIT 1' at line 1"}, "\u0002": 0.627445, "\u0003": 0, "\u0004": "SELECT * FROM `iot_setting` WHERE key = 'opt_smart_key' ORDER BY `iot_setting`.`id` LIMIT 1"}
2022-03-10T17:40:23.899+0800	INFO	%s %s
[%.3fms] [rows:%v] %s	{"\u0000": "/home/rxw/lnmpdocker/Workspace/go/smart-home-server/app/Repository/SettingRepository.go:29", "\u0001": {"Number":1064,"Message":"You have an error in your SQL syntax; check the manual that corresponds to your MySQL server version for the right syntax to use near 'key = ? ORDER BY `iot_setting`.`id` LIMIT 1' at line 1"}, "\u0002": 1.147044, "\u0003": 0, "\u0004": "SELECT * FROM `iot_setting` WHERE key = 'opt_smart_key' ORDER BY `iot_setting`.`id` LIMIT 1"}
2022-03-10T17:42:11.847+0800	INFO	%s %s
[%.3fms] [rows:%v] %s	{"\u0000": "/home/rxw/lnmpdocker/Workspace/go/smart-home-server/app/Repository/SettingRepository.go:29", "\u0001": {"Number":1064,"Message":"You have an error in your SQL syntax; check the manual that corresponds to your MySQL server version for the right syntax to use near 'key = ? ORDER BY `iot_setting`.`id` LIMIT 1' at line 1"}, "\u0002": 0.781247, "\u0003": 0, "\u0004": "SELECT * FROM `iot_setting` WHERE key = 'opt_smart_key' ORDER BY `iot_setting`.`id` LIMIT 1"}
2022-03-10T17:44:10.274+0800	INFO	%s %s
[%.3fms] [rows:%v] %s	{"\u0000": "/home/rxw/lnmpdocker/Workspace/go/smart-home-server/app/Repository/SettingRepository.go:29", "\u0001": {"Number":1064,"Message":"You have an error in your SQL syntax; check the manual that corresponds to your MySQL server version for the right syntax to use near 'key = ? ORDER BY `iot_setting`.`id` LIMIT 1' at line 1"}, "\u0002": 0.776577, "\u0003": 0, "\u0004": "SELECT * FROM `iot_setting` WHERE key = 'opt_smart_key' ORDER BY `iot_setting`.`id` LIMIT 1"}
2022-03-10T17:58:38.287+0800	INFO	%s %s
[%.3fms] [rows:%v] %s	{"\u0000": "/home/rxw/lnmpdocker/Workspace/go/smart-home-server/app/Repository/SettingRepository.go:29", "\u0001": {"Number":1064,"Message":"You have an error in your SQL syntax; check the manual that corresponds to your MySQL server version for the right syntax to use near 'key = ? ORDER BY `iot_setting`.`id` LIMIT 1' at line 1"}, "\u0002": 0.820813, "\u0003": 0, "\u0004": "SELECT * FROM `iot_setting` WHERE key = 'opt_smart_key' ORDER BY `iot_setting`.`id` LIMIT 1"}
2022-03-10T17:59:54.248+0800	INFO	%s %s
[%.3fms] [rows:%v] %s	{"\u0000": "/home/rxw/lnmpdocker/Workspace/go/smart-home-server/app/Repository/SettingRepository.go:29", "\u0001": {"Number":1064,"Message":"You have an error in your SQL syntax; check the manual that corresponds to your MySQL server version for the right syntax to use near 'key = ? ORDER BY `iot_setting`.`id` LIMIT 1' at line 1"}, "\u0002": 0.857456, "\u0003": 0, "\u0004": "SELECT * FROM `iot_setting` WHERE key = 'opt_smart_key' ORDER BY `iot_setting`.`id` LIMIT 1"}
2022-03-10T18:00:29.234+0800	INFO	%s %s
[%.3fms] [rows:%v] %s	{"\u0000": "/home/rxw/lnmpdocker/Workspace/go/smart-home-server/app/Repository/SettingRepository.go:29", "\u0001": {"Number":1064,"Message":"You have an error in your SQL syntax; check the manual that corresponds to your MySQL server version for the right syntax to use near 'key = ? ORDER BY `iot_setting`.`id` LIMIT 1' at line 1"}, "\u0002": 1.106292, "\u0003": 0, "\u0004": "SELECT * FROM `iot_setting` WHERE key = 'opt_smart_key' ORDER BY `iot_setting`.`id` LIMIT 1"}
2022-03-10T18:00:43.629+0800	INFO	%s %s
[%.3fms] [rows:%v] %s	{"\u0000": "/home/rxw/lnmpdocker/Workspace/go/smart-home-server/app/Repository/SettingRepository.go:29", "\u0001": {"Number":1064,"Message":"You have an error in your SQL syntax; check the manual that corresponds to your MySQL server version for the right syntax to use near 'key = ? ORDER BY `iot_setting`.`id` LIMIT 1' at line 1"}, "\u0002": 1.124638, "\u0003": 0, "\u0004": "SELECT * FROM `iot_setting` WHERE key = 'opt_smart_key' ORDER BY `iot_setting`.`id` LIMIT 1"}
2022-03-10T18:01:34.481+0800	INFO	%s %s
[%.3fms] [rows:%v] %s	{"\u0000": "/home/rxw/lnmpdocker/Workspace/go/smart-home-server/app/Repository/SettingRepository.go:29", "\u0001": {"Number":1064,"Message":"You have an error in your SQL syntax; check the manual that corresponds to your MySQL server version for the right syntax to use near 'key = ? ORDER BY `iot_setting`.`id` LIMIT 1' at line 1"}, "\u0002": 0.676047, "\u0003": 0, "\u0004": "SELECT * FROM `iot_setting` WHERE key = 'opt_smart_key' ORDER BY `iot_setting`.`id` LIMIT 1"}
2022-03-10T18:02:34.925+0800	INFO	%s %s
[%.3fms] [rows:%v] %s	{"\u0000": "/home/rxw/lnmpdocker/Workspace/go/smart-home-server/app/Repository/SettingRepository.go:29", "\u0001": {"Number":1064,"Message":"You have an error in your SQL syntax; check the manual that corresponds to your MySQL server version for the right syntax to use near 'key = ? ORDER BY `iot_setting`.`id` LIMIT 1' at line 1"}, "\u0002": 1.052315, "\u0003": 0, "\u0004": "SELECT * FROM `iot_setting` WHERE key = 'opt_smart_key' ORDER BY `iot_setting`.`id` LIMIT 1"}
2022-03-10T18:03:05.033+0800	INFO	%s %s
[%.3fms] [rows:%v] %s	{"\u0000": "/home/rxw/lnmpdocker/Workspace/go/smart-home-server/app/Repository/SettingRepository.go:29", "\u0001": {"Number":1064,"Message":"You have an error in your SQL syntax; check the manual that corresponds to your MySQL server version for the right syntax to use near 'key = ? ORDER BY `iot_setting`.`id` LIMIT 1' at line 1"}, "\u0002": 0.756803, "\u0003": 0, "\u0004": "SELECT * FROM `iot_setting` WHERE key = 'opt_smart_key' ORDER BY `iot_setting`.`id` LIMIT 1"}
2022-03-10T18:03:28.232+0800	INFO	%s %s
[%.3fms] [rows:%v] %s	{"\u0000": "/home/rxw/lnmpdocker/Workspace/go/smart-home-server/app/Repository/SettingRepository.go:29", "\u0001": {"Number":1064,"Message":"You have an error in your SQL syntax; check the manual that corresponds to your MySQL server version for the right syntax to use near 'key = ? ORDER BY `iot_setting`.`id` LIMIT 1' at line 1"}, "\u0002": 0.743591, "\u0003": 0, "\u0004": "SELECT * FROM `iot_setting` WHERE key = 'opt_smart_key' ORDER BY `iot_setting`.`id` LIMIT 1"}
2022-03-11T15:47:36.684+0800	INFO	%s %s
[%.3fms] [rows:%v] %s	{"\u0000": "/home/rxw/lnmpdocker/Workspace/go/smart-home-server/app/Repository/SettingRepository.go:29", "\u0001": {"Number":1064,"Message":"You have an error in your SQL syntax; check the manual that corresponds to your MySQL server version for the right syntax to use near 'key = ? ORDER BY `iot_setting`.`id` LIMIT 1' at line 1"}, "\u0002": 0.788187, "\u0003": 0, "\u0004": "SELECT * FROM `iot_setting` WHERE key = 'opt_smart_key' ORDER BY `iot_setting`.`id` LIMIT 1"}
2022-03-11T15:47:56.485+0800	INFO	%s %s
[%.3fms] [rows:%v] %s	{"\u0000": "/home/rxw/lnmpdocker/Workspace/go/smart-home-server/app/Repository/SettingRepository.go:29", "\u0001": {"Number":1064,"Message":"You have an error in your SQL syntax; check the manual that corresponds to your MySQL server version for the right syntax to use near 'key = ? ORDER BY `iot_setting`.`id` LIMIT 1' at line 1"}, "\u0002": 0.667744, "\u0003": 0, "\u0004": "SELECT * FROM `iot_setting` WHERE key = 'opt_smart_key' ORDER BY `iot_setting`.`id` LIMIT 1"}
2022-03-11T15:48:17.380+0800	INFO	%s %s
[%.3fms] [rows:%v] %s	{"\u0000": "/home/rxw/lnmpdocker/Workspace/go/smart-home-server/app/Repository/SettingRepository.go:29", "\u0001": {"Number":1064,"Message":"You have an error in your SQL syntax; check the manual that corresponds to your MySQL server version for the right syntax to use near 'key = ? ORDER BY `iot_setting`.`id` LIMIT 1' at line 1"}, "\u0002": 0.705122, "\u0003": 0, "\u0004": "SELECT * FROM `iot_setting` WHERE key = 'opt_smart_key' ORDER BY `iot_setting`.`id` LIMIT 1"}
2022-03-11T15:48:23.027+0800	INFO	%s %s
[%.3fms] [rows:%v] %s	{"\u0000": "/home/rxw/lnmpdocker/Workspace/go/smart-home-server/app/Repository/SettingRepository.go:29", "\u0001": {"Number":1064,"Message":"You have an error in your SQL syntax; check the manual that corresponds to your MySQL server version for the right syntax to use near 'key = ? ORDER BY `iot_setting`.`id` LIMIT 1' at line 1"}, "\u0002": 0.743922, "\u0003": 0, "\u0004": "SELECT * FROM `iot_setting` WHERE key = 'opt_smart_key' ORDER BY `iot_setting`.`id` LIMIT 1"}
2022-03-11T15:48:28.075+0800	INFO	%s %s
[%.3fms] [rows:%v] %s	{"\u0000": "/home/rxw/lnmpdocker/Workspace/go/smart-home-server/app/Repository/SettingRepository.go:29", "\u0001": {"Number":1064,"Message":"You have an error in your SQL syntax; check the manual that corresponds to your MySQL server version for the right syntax to use near 'key = ? ORDER BY `iot_setting`.`id` LIMIT 1' at line 1"}, "\u0002": 0.797835, "\u0003": 0, "\u0004": "SELECT * FROM `iot_setting` WHERE key = 'opt_smart_key' ORDER BY `iot_setting`.`id` LIMIT 1"}
2022-03-11T15:49:10.316+0800	INFO	%s %s
[%.3fms] [rows:%v] %s	{"\u0000": "/home/rxw/lnmpdocker/Workspace/go/smart-home-server/app/Repository/SettingRepository.go:29", "\u0001": {"Number":1064,"Message":"You have an error in your SQL syntax; check the manual that corresponds to your MySQL server version for the right syntax to use near 'key = ? ORDER BY `iot_setting`.`id` LIMIT 1' at line 1"}, "\u0002": 0.783446, "\u0003": 0, "\u0004": "SELECT * FROM `iot_setting` WHERE key = 'opt_smart_key' ORDER BY `iot_setting`.`id` LIMIT 1"}
2022-03-11T15:49:16.278+0800	INFO	%s %s
[%.3fms] [rows:%v] %s	{"\u0000": "/home/rxw/lnmpdocker/Workspace/go/smart-home-server/app/Repository/SettingRepository.go:29", "\u0001": {"Number":1064,"Message":"You have an error in your SQL syntax; check the manual that corresponds to your MySQL server version for the right syntax to use near 'key = ? ORDER BY `iot_setting`.`id` LIMIT 1' at line 1"}, "\u0002": 0.687069, "\u0003": 0, "\u0004": "SELECT * FROM `iot_setting` WHERE key = 'opt_smart_key' ORDER BY `iot_setting`.`id` LIMIT 1"}
2022-03-11T15:49:26.099+0800	INFO	%s %s
[%.3fms] [rows:%v] %s	{"\u0000": "/home/rxw/lnmpdocker/Workspace/go/smart-home-server/app/Repository/SettingRepository.go:29", "\u0001": {"Number":1064,"Message":"You have an error in your SQL syntax; check the manual that corresponds to your MySQL server version for the right syntax to use near 'key = ? ORDER BY `iot_setting`.`id` LIMIT 1' at line 1"}, "\u0002": 0.69631, "\u0003": 0, "\u0004": "SELECT * FROM `iot_setting` WHERE key = 'opt_smart_key' ORDER BY `iot_setting`.`id` LIMIT 1"}
2022-03-11T15:51:00.689+0800	INFO	%s %s
[%.3fms] [rows:%v] %s	{"\u0000": "/home/rxw/lnmpdocker/Workspace/go/smart-home-server/app/Repository/SettingRepository.go:29", "\u0001": {"Number":1064,"Message":"You have an error in your SQL syntax; check the manual that corresponds to your MySQL server version for the right syntax to use near 'key = ? ORDER BY `iot_setting`.`id` LIMIT 1' at line 1"}, "\u0002": 0.660158, "\u0003": 0, "\u0004": "SELECT * FROM `iot_setting` WHERE key = 'opt_smart_key' ORDER BY `iot_setting`.`id` LIMIT 1"}
2022-03-11T15:51:12.958+0800	INFO	%s %s
[%.3fms] [rows:%v] %s	{"\u0000": "/home/rxw/lnmpdocker/Workspace/go/smart-home-server/app/Repository/SettingRepository.go:29", "\u0001": {"Number":1064,"Message":"You have an error in your SQL syntax; check the manual that corresponds to your MySQL server version for the right syntax to use near 'key = ? ORDER BY `iot_setting`.`id` LIMIT 1' at line 1"}, "\u0002": 0.534778, "\u0003": 0, "\u0004": "SELECT * FROM `iot_setting` WHERE key = 'opt_smart_key' ORDER BY `iot_setting`.`id` LIMIT 1"}
2022-03-11T17:31:19.343+0800	INFO	%s %s
[%.3fms] [rows:%v] %s	{"\u0000": "/home/rxw/lnmpdocker/Workspace/go/smart-home-server/app/Repository/SettingRepository.go:29", "\u0001": {"Number":1064,"Message":"You have an error in your SQL syntax; check the manual that corresponds to your MySQL server version for the right syntax to use near 'key = ? ORDER BY `iot_setting`.`id` LIMIT 1' at line 1"}, "\u0002": 0.680048, "\u0003": 0, "\u0004": "SELECT * FROM `iot_setting` WHERE key = 'opt_smart_key' ORDER BY `iot_setting`.`id` LIMIT 1"}
2022-03-11T17:34:44.404+0800	INFO	%s %s
[%.3fms] [rows:%v] %s	{"\u0000": "/home/rxw/lnmpdocker/Workspace/go/smart-home-server/app/Repository/SettingRepository.go:29", "\u0001": {"Number":1064,"Message":"You have an error in your SQL syntax; check the manual that corresponds to your MySQL server version for the right syntax to use near 'key = ? ORDER BY `iot_setting`.`id` LIMIT 1' at line 1"}, "\u0002": 0.707444, "\u0003": 0, "\u0004": "SELECT * FROM `iot_setting` WHERE key = 'opt_smart_key' ORDER BY `iot_setting`.`id` LIMIT 1"}
2022-03-11T17:35:00.317+0800	INFO	%s %s
[%.3fms] [rows:%v] %s	{"\u0000": "/home/rxw/lnmpdocker/Workspace/go/smart-home-server/app/Repository/SettingRepository.go:29", "\u0001": {"Number":1064,"Message":"You have an error in your SQL syntax; check the manual that corresponds to your MySQL server version for the right syntax to use near 'key = ? ORDER BY `iot_setting`.`id` LIMIT 1' at line 1"}, "\u0002": 0.635402, "\u0003": 0, "\u0004": "SELECT * FROM `iot_setting` WHERE key = 'opt_smart_key' ORDER BY `iot_setting`.`id` LIMIT 1"}
2022-03-11T17:35:27.115+0800	INFO	%s %s
[%.3fms] [rows:%v] %s	{"\u0000": "/home/rxw/lnmpdocker/Workspace/go/smart-home-server/app/Repository/SettingRepository.go:29", "\u0001": {"Number":1064,"Message":"You have an error in your SQL syntax; check the manual that corresponds to your MySQL server version for the right syntax to use near 'key = ? ORDER BY `iot_setting`.`id` LIMIT 1' at line 1"}, "\u0002": 0.707054, "\u0003": 0, "\u0004": "SELECT * FROM `iot_setting` WHERE key = 'opt_smart_key' ORDER BY `iot_setting`.`id` LIMIT 1"}
2022-03-11T17:35:49.965+0800	INFO	%s %s
[%.3fms] [rows:%v] %s	{"\u0000": "/home/rxw/lnmpdocker/Workspace/go/smart-home-server/app/Repository/SettingRepository.go:29", "\u0001": {"Number":1064,"Message":"You have an error in your SQL syntax; check the manual that corresponds to your MySQL server version for the right syntax to use near 'key = ? ORDER BY `iot_setting`.`id` LIMIT 1' at line 1"}, "\u0002": 0.747722, "\u0003": 0, "\u0004": "SELECT * FROM `iot_setting` WHERE key = 'opt_smart_key' ORDER BY `iot_setting`.`id` LIMIT 1"}
2022-03-11T17:36:17.409+0800	INFO	%s %s
[%.3fms] [rows:%v] %s	{"\u0000": "/home/rxw/lnmpdocker/Workspace/go/smart-home-server/app/Repository/SettingRepository.go:29", "\u0001": {"Number":1064,"Message":"You have an error in your SQL syntax; check the manual that corresponds to your MySQL server version for the right syntax to use near 'key = ? ORDER BY `iot_setting`.`id` LIMIT 1' at line 1"}, "\u0002": 0.720267, "\u0003": 0, "\u0004": "SELECT * FROM `iot_setting` WHERE key = 'opt_smart_key' ORDER BY `iot_setting`.`id` LIMIT 1"}
2022-03-11T17:41:07.640+0800	INFO	%s %s
[%.3fms] [rows:%v] %s	{"\u0000": "/home/rxw/lnmpdocker/Workspace/go/smart-home-server/app/Repository/SettingRepository.go:29", "\u0001": {"Number":1064,"Message":"You have an error in your SQL syntax; check the manual that corresponds to your MySQL server version for the right syntax to use near 'key = ? ORDER BY `iot_setting`.`id` LIMIT 1' at line 1"}, "\u0002": 0.728063, "\u0003": 0, "\u0004": "SELECT * FROM `iot_setting` WHERE key = 'opt_smart_key' ORDER BY `iot_setting`.`id` LIMIT 1"}
2022-03-11T17:41:22.597+0800	INFO	%s %s
[%.3fms] [rows:%v] %s	{"\u0000": "/home/rxw/lnmpdocker/Workspace/go/smart-home-server/app/Repository/SettingRepository.go:29", "\u0001": {"Number":1064,"Message":"You have an error in your SQL syntax; check the manual that corresponds to your MySQL server version for the right syntax to use near 'key = ? ORDER BY `iot_setting`.`id` LIMIT 1' at line 1"}, "\u0002": 0.70403, "\u0003": 0, "\u0004": "SELECT * FROM `iot_setting` WHERE key = 'opt_smart_key' ORDER BY `iot_setting`.`id` LIMIT 1"}
2022-03-11T17:42:08.816+0800	INFO	%s %s
[%.3fms] [rows:%v] %s	{"\u0000": "/home/rxw/lnmpdocker/Workspace/go/smart-home-server/app/Repository/SettingRepository.go:29", "\u0001": {"Number":1064,"Message":"You have an error in your SQL syntax; check the manual that corresponds to your MySQL server version for the right syntax to use near 'key = ? ORDER BY `iot_setting`.`id` LIMIT 1' at line 1"}, "\u0002": 0.526486, "\u0003": 0, "\u0004": "SELECT * FROM `iot_setting` WHERE key = 'opt_smart_key' ORDER BY `iot_setting`.`id` LIMIT 1"}
2022-03-16T16:14:47.600+0800	INFO	%s %s
[%.3fms] [rows:%v] %s	{"\u0000": "/home/rxw/lnmpdocker/Workspace/go/smart-home-server/app/Repository/SettingRepository.go:29", "\u0001": {"Number":1064,"Message":"You have an error in your SQL syntax; check the manual that corresponds to your MySQL server version for the right syntax to use near 'key = ? ORDER BY `iot_setting`.`id` LIMIT 1' at line 1"}, "\u0002": 0.542778, "\u0003": 0, "\u0004": "SELECT * FROM `iot_setting` WHERE key = 'opt_smart_key' ORDER BY `iot_setting`.`id` LIMIT 1"}
2022-03-16T16:14:47.602+0800	INFO	%s %s
[%.3fms] [rows:%v] %s	{"\u0000": "/home/rxw/lnmpdocker/Workspace/go/smart-home-server/app/Repository/SettingRepository.go:29", "\u0001": {"Number":1064,"Message":"You have an error in your SQL syntax; check the manual that corresponds to your MySQL server version for the right syntax to use near 'key = ? ORDER BY `iot_setting`.`id` LIMIT 1' at line 1"}, "\u0002": 0.623555, "\u0003": 0, "\u0004": "SELECT * FROM `iot_setting` WHERE key = 'sys:sensitive:words' ORDER BY `iot_setting`.`id` LIMIT 1"}
2022-03-16T16:14:59.949+0800	INFO	%s %s
[%.3fms] [rows:%v] %s	{"\u0000": "/home/rxw/lnmpdocker/Workspace/go/smart-home-server/app/Repository/SettingRepository.go:29", "\u0001": {"Number":1064,"Message":"You have an error in your SQL syntax; check the manual that corresponds to your MySQL server version for the right syntax to use near 'key = ? ORDER BY `iot_setting`.`id` LIMIT 1' at line 1"}, "\u0002": 0.714293, "\u0003": 0, "\u0004": "SELECT * FROM `iot_setting` WHERE key = 'opt_smart_key' ORDER BY `iot_setting`.`id` LIMIT 1"}
2022-03-16T16:14:59.950+0800	INFO	%s %s
[%.3fms] [rows:%v] %s	{"\u0000": "/home/rxw/lnmpdocker/Workspace/go/smart-home-server/app/Repository/SettingRepository.go:29", "\u0001": {"Number":1064,"Message":"You have an error in your SQL syntax; check the manual that corresponds to your MySQL server version for the right syntax to use near 'key = ? ORDER BY `iot_setting`.`id` LIMIT 1' at line 1"}, "\u0002": 0.561946, "\u0003": 0, "\u0004": "SELECT * FROM `iot_setting` WHERE key = 'sys:sensitive:words' ORDER BY `iot_setting`.`id` LIMIT 1"}
2022-03-16T16:15:13.357+0800	INFO	%s %s
[%.3fms] [rows:%v] %s	{"\u0000": "/home/rxw/lnmpdocker/Workspace/go/smart-home-server/app/Repository/SettingRepository.go:29", "\u0001": {"Number":1064,"Message":"You have an error in your SQL syntax; check the manual that corresponds to your MySQL server version for the right syntax to use near 'key = ? ORDER BY `iot_setting`.`id` LIMIT 1' at line 1"}, "\u0002": 0.605007, "\u0003": 0, "\u0004": "SELECT * FROM `iot_setting` WHERE key = 'opt_smart_key' ORDER BY `iot_setting`.`id` LIMIT 1"}
2022-03-16T16:15:13.358+0800	INFO	%s %s
[%.3fms] [rows:%v] %s	{"\u0000": "/home/rxw/lnmpdocker/Workspace/go/smart-home-server/app/Repository/SettingRepository.go:29", "\u0001": {"Number":1064,"Message":"You have an error in your SQL syntax; check the manual that corresponds to your MySQL server version for the right syntax to use near 'key = ? ORDER BY `iot_setting`.`id` LIMIT 1' at line 1"}, "\u0002": 0.399856, "\u0003": 0, "\u0004": "SELECT * FROM `iot_setting` WHERE key = 'sys:sensitive:words' ORDER BY `iot_setting`.`id` LIMIT 1"}
2022-03-16T16:15:28.517+0800	INFO	%s %s
[%.3fms] [rows:%v] %s	{"\u0000": "/home/rxw/lnmpdocker/Workspace/go/smart-home-server/app/Repository/SettingRepository.go:29", "\u0001": {"Number":1064,"Message":"You have an error in your SQL syntax; check the manual that corresponds to your MySQL server version for the right syntax to use near 'key = ? ORDER BY `iot_setting`.`id` LIMIT 1' at line 1"}, "\u0002": 0.59526, "\u0003": 0, "\u0004": "SELECT * FROM `iot_setting` WHERE key = 'opt_smart_key' ORDER BY `iot_setting`.`id` LIMIT 1"}
2022-03-16T16:15:28.518+0800	INFO	%s %s
[%.3fms] [rows:%v] %s	{"\u0000": "/home/rxw/lnmpdocker/Workspace/go/smart-home-server/app/Repository/SettingRepository.go:29", "\u0001": {"Number":1064,"Message":"You have an error in your SQL syntax; check the manual that corresponds to your MySQL server version for the right syntax to use near 'key = ? ORDER BY `iot_setting`.`id` LIMIT 1' at line 1"}, "\u0002": 0.571392, "\u0003": 0, "\u0004": "SELECT * FROM `iot_setting` WHERE key = 'sys:sensitive:words' ORDER BY `iot_setting`.`id` LIMIT 1"}
